[0524/212638.511:ERROR:process_reader_win.cc(155)] SuspendThread: Access is denied. (0x5)
[0524/212638.511:ERROR:process_reader_win.cc(155)] SuspendThread: Access is denied. (0x5)
[0524/212638.511:ERROR:exception_snapshot_win.cc(99)] thread ID 9972 not found in process
[0524/212638.524:ERROR:process_memory_win.cc(73)] ReadMemory at 0x26d56a337e0 of 72 bytes failed: Only part of a ReadProcessMemory or WriteProcessMemory request was completed. (0x12B)
[0524/212638.524:WARNING:pe_image_annotations_reader.cc(134)] could not read annotations list object in C:\Program Files (x86)\Microsoft\Edge\Application\83.0.478.37\msedge_elf.dll
[0524/212638.524:ERROR:process_memory_win.cc(73)] ReadMemory at 0x26d56dc0000 of 64 bytes failed: Only part of a ReadProcessMemory or WriteProcessMemory request was completed. (0x12B)
[0524/212638.524:WARNING:pe_image_reader.cc(340)] could not read dos header from C:\WINDOWS\System32\sechost.dll
[0524/212638.524:ERROR:process_memory_win.cc(73)] ReadMemory at 0x26d56dc0000 of 64 bytes failed: Only part of a ReadProcessMemory or WriteProcessMemory request was completed. (0x12B)
[0524/212638.524:WARNING:pe_image_reader.cc(340)] could not read dos header from C:\WINDOWS\System32\sechost.dll
[0524/212638.524:ERROR:process_memory_win.cc(73)] ReadMemory at 0x26d571692b0 of 72 bytes failed: Only part of a ReadProcessMemory or WriteProcessMemory request was completed. (0x12B)
[0524/212638.524:WARNING:pe_image_annotations_reader.cc(134)] could not read annotations list object in C:\Program Files (x86)\Microsoft\Edge\Application\83.0.478.37\msedge.dll
[0524/212638.528:ERROR:process_memory_win.cc(73)] ReadMemory at 0x26d56a337e0 of 72 bytes failed: Only part of a ReadProcessMemory or WriteProcessMemory request was completed. (0x12B)
[0524/212638.528:WARNING:pe_image_annotations_reader.cc(134)] could not read annotations list object in C:\Program Files (x86)\Microsoft\Edge\Application\83.0.478.37\msedge_elf.dll
[0524/212638.528:ERROR:process_memory_win.cc(73)] ReadMemory at 0x26d56dc0000 of 64 bytes failed: Only part of a ReadProcessMemory or WriteProcessMemory request was completed. (0x12B)
[0524/212638.528:WARNING:pe_image_reader.cc(340)] could not read dos header from C:\WINDOWS\System32\sechost.dll
[0524/212638.528:ERROR:process_memory_win.cc(73)] ReadMemory at 0x26d571692b0 of 72 bytes failed: Only part of a ReadProcessMemory or WriteProcessMemory request was completed. (0x12B)
[0524/212638.528:WARNING:pe_image_annotations_reader.cc(134)] could not read annotations list object in C:\Program Files (x86)\Microsoft\Edge\Application\83.0.478.37\msedge.dll
[0524/212638.536:ERROR:process_memory_win.cc(73)] ReadMemory at 0x26d56a337e0 of 72 bytes failed: Only part of a ReadProcessMemory or WriteProcessMemory request was completed. (0x12B)
[0524/212638.536:WARNING:pe_image_annotations_reader.cc(134)] could not read annotations list object in C:\Program Files (x86)\Microsoft\Edge\Application\83.0.478.37\msedge_elf.dll
[0524/212638.536:ERROR:process_memory_win.cc(73)] ReadMemory at 0x26d56dc0000 of 64 bytes failed: Only part of a ReadProcessMemory or WriteProcessMemory request was completed. (0x12B)
[0524/212638.536:WARNING:pe_image_reader.cc(340)] could not read dos header from C:\WINDOWS\System32\sechost.dll
[0524/212638.536:ERROR:process_memory_win.cc(73)] ReadMemory at 0x26d571692b0 of 72 bytes failed: Only part of a ReadProcessMemory or WriteProcessMemory request was completed. (0x12B)
[0524/212638.536:WARNING:pe_image_annotations_reader.cc(134)] could not read annotations list object in C:\Program Files (x86)\Microsoft\Edge\Application\83.0.478.37\msedge.dll
[0524/212638.540:ERROR:process_memory_win.cc(73)] ReadMemory at 0x26d56a337e0 of 72 bytes failed: Only part of a ReadProcessMemory or WriteProcessMemory request was completed. (0x12B)
[0524/212638.540:WARNING:pe_image_annotations_reader.cc(134)] could not read annotations list object in C:\Program Files (x86)\Microsoft\Edge\Application\83.0.478.37\msedge_elf.dll
[0524/212638.540:ERROR:process_memory_win.cc(73)] ReadMemory at 0x26d56dc0000 of 64 bytes failed: Only part of a ReadProcessMemory or WriteProcessMemory request was completed. (0x12B)
[0524/212638.540:WARNING:pe_image_reader.cc(340)] could not read dos header from C:\WINDOWS\System32\sechost.dll
[0524/212638.540:ERROR:process_memory_win.cc(73)] ReadMemory at 0x26d571692b0 of 72 bytes failed: Only part of a ReadProcessMemory or WriteProcessMemory request was completed. (0x12B)
[0524/212638.540:WARNING:pe_image_annotations_reader.cc(134)] could not read annotations list object in C:\Program Files (x86)\Microsoft\Edge\Application\83.0.478.37\msedge.dll
[0524/212638.544:ERROR:minidumpwritedump_with_crashpad_info.cc(435)] Failed to call MiniDumpWriteDump: Only part of a ReadProcessMemory or WriteProcessMemory request was completed. (0x8007012B)
[0524/212638.544:ERROR:minidumpwritedump_with_crashpad_info.cc(592)] Failed to write minidump file
[0524/212638.544:ERROR:crash_report_exception_handler.cc(132)] TryMiniDumpWriteDumpWithCrashpadInfo failed
[0524/212638.548:ERROR:process_memory_win.cc(73)] ReadMemory at 0x7ff623ce0000 of 64 bytes failed: Only part of a ReadProcessMemory or WriteProcessMemory request was completed. (0x12B)
[0524/212638.548:WARNING:pe_image_reader.cc(340)] could not read dos header from C:\Program Files (x86)\Microsoft\Edge\Application\msedge.exe
[0524/212638.548:ERROR:process_memory_win.cc(73)] ReadMemory at 0x26d56dc0000 of 64 bytes failed: Only part of a ReadProcessMemory or WriteProcessMemory request was completed. (0x12B)
[0524/212638.548:WARNING:pe_image_reader.cc(340)] could not read dos header from C:\WINDOWS\System32\sechost.dll
[0524/212638.548:ERROR:process_memory_win.cc(73)] ReadMemory at 0x7ff623ce0000 of 64 bytes failed: Only part of a ReadProcessMemory or WriteProcessMemory request was completed. (0x12B)
[0524/212638.548:WARNING:pe_image_reader.cc(340)] could not read dos header from C:\Program Files (x86)\Microsoft\Edge\Application\msedge.exe
[0524/212638.548:ERROR:process_memory_win.cc(73)] ReadMemory at 0x7ff623ce0000 of 64 bytes failed: Only part of a ReadProcessMemory or WriteProcessMemory request was completed. (0x12B)
[0524/212638.548:WARNING:pe_image_reader.cc(340)] could not read dos header from C:\Program Files (x86)\Microsoft\Edge\Application\msedge.exe
[0524/212638.548:ERROR:process_memory_win.cc(73)] ReadMemory at 0x26d56a337e0 of 72 bytes failed: Only part of a ReadProcessMemory or WriteProcessMemory request was completed. (0x12B)
[0524/212638.548:WARNING:pe_image_annotations_reader.cc(134)] could not read annotations list object in C:\Program Files (x86)\Microsoft\Edge\Application\83.0.478.37\msedge_elf.dll
[0524/212638.548:ERROR:process_memory_win.cc(73)] ReadMemory at 0x26d56dc0000 of 64 bytes failed: Only part of a ReadProcessMemory or WriteProcessMemory request was completed. (0x12B)
[0524/212638.548:WARNING:pe_image_reader.cc(340)] could not read dos header from C:\WINDOWS\System32\sechost.dll
[0524/212638.548:ERROR:process_memory_win.cc(73)] ReadMemory at 0x26d56dc0000 of 64 bytes failed: Only part of a ReadProcessMemory or WriteProcessMemory request was completed. (0x12B)
[0524/212638.548:WARNING:pe_image_reader.cc(340)] could not read dos header from C:\WINDOWS\System32\sechost.dll
[0524/212638.548:ERROR:process_memory_win.cc(73)] ReadMemory at 0x7ffdcab40000 of 64 bytes failed: Only part of a ReadProcessMemory or WriteProcessMemory request was completed. (0x12B)
[0524/212638.548:WARNING:pe_image_reader.cc(340)] could not read dos header from C:\Program Files (x86)\Microsoft\Edge\Application\83.0.478.37\msedge.dll
[0524/212638.548:ERROR:process_memory_win.cc(73)] ReadMemory at 0x7ffdcab40000 of 64 bytes failed: Only part of a ReadProcessMemory or WriteProcessMemory request was completed. (0x12B)
[0524/212638.548:WARNING:pe_image_reader.cc(340)] could not read dos header from C:\Program Files (x86)\Microsoft\Edge\Application\83.0.478.37\msedge.dll
[0524/212638.616:ERROR:process_memory_win.cc(73)] ReadMemory at 0x7ff623ce0000 of 64 bytes failed: Only part of a ReadProcessMemory or WriteProcessMemory request was completed. (0x12B)
[0524/212638.616:WARNING:pe_image_reader.cc(340)] could not read dos header from C:\Program Files (x86)\Microsoft\Edge\Application\msedge.exe
[0524/212638.616:ERROR:process_memory_win.cc(73)] ReadMemory at 0x7ffe39960000 of 64 bytes failed: Only part of a ReadProcessMemory or WriteProcessMemory request was completed. (0x12B)
[0524/212638.616:WARNING:pe_image_reader.cc(340)] could not read dos header from C:\WINDOWS\SYSTEM32\ntdll.dll
[0524/212638.616:ERROR:process_memory_win.cc(73)] ReadMemory at 0x7ffe39480000 of 64 bytes failed: Only part of a ReadProcessMemory or WriteProcessMemory request was completed. (0x12B)
[0524/212638.616:WARNING:pe_image_reader.cc(340)] could not read dos header from C:\WINDOWS\System32\KERNEL32.DLL
[0524/212638.616:ERROR:process_memory_win.cc(73)] ReadMemory at 0x7ffe373f0000 of 64 bytes failed: Only part of a ReadProcessMemory or WriteProcessMemory request was completed. (0x12B)
[0524/212638.616:WARNING:pe_image_reader.cc(340)] could not read dos header from C:\WINDOWS\System32\KERNELBASE.dll
[0524/212638.616:ERROR:process_memory_win.cc(73)] ReadMemory at 0x7ffe188b0000 of 64 bytes failed: Only part of a ReadProcessMemory or WriteProcessMemory request was completed. (0x12B)
[0524/212638.616:WARNING:pe_image_reader.cc(340)] could not read dos header from C:\Program Files (x86)\Microsoft\Edge\Application\83.0.478.37\msedge_elf.dll
[0524/212638.616:ERROR:process_memory_win.cc(73)] ReadMemory at 0x7ffe376a0000 of 64 bytes failed: Only part of a ReadProcessMemory or WriteProcessMemory request was completed. (0x12B)
[0524/212638.616:WARNING:pe_image_reader.cc(340)] could not read dos header from C:\WINDOWS\System32\bcryptPrimitives.dll
[0524/212638.616:ERROR:process_memory_win.cc(73)] ReadMemory at 0x7ffe39250000 of 64 bytes failed: Only part of a ReadProcessMemory or WriteProcessMemory request was completed. (0x12B)
[0524/212638.616:WARNING:pe_image_reader.cc(340)] could not read dos header from C:\WINDOWS\System32\ADVAPI32.dll
[0524/212638.616:ERROR:process_memory_win.cc(73)] ReadMemory at 0x7ffe37a10000 of 64 bytes failed: Only part of a ReadProcessMemory or WriteProcessMemory request was completed. (0x12B)
[0524/212638.616:WARNING:pe_image_reader.cc(340)] could not read dos header from C:\WINDOWS\System32\msvcrt.dll
[0524/212638.616:ERROR:process_memory_win.cc(73)] ReadMemory at 0x26d56dc0000 of 64 bytes failed: Only part of a ReadProcessMemory or WriteProcessMemory request was completed. (0x12B)
[0524/212638.616:WARNING:pe_image_reader.cc(340)] could not read dos header from C:\WINDOWS\System32\sechost.dll
[0524/212638.616:ERROR:process_memory_win.cc(73)] ReadMemory at 0x7ffe397a0000 of 64 bytes failed: Only part of a ReadProcessMemory or WriteProcessMemory request was completed. (0x12B)
[0524/212638.616:WARNING:pe_image_reader.cc(340)] could not read dos header from C:\WINDOWS\System32\RPCRT4.dll
[0524/212638.616:ERROR:process_memory_win.cc(73)] ReadMemory at 0x7ffdcab40000 of 64 bytes failed: Only part of a ReadProcessMemory or WriteProcessMemory request was completed. (0x12B)
[0524/212638.616:WARNING:pe_image_reader.cc(340)] could not read dos header from C:\Program Files (x86)\Microsoft\Edge\Application\83.0.478.37\msedge.dll
[0524/212638.616:ERROR:process_memory_win.cc(73)] ReadMemory at 0x7ffe39300000 of 64 bytes failed: Only part of a ReadProcessMemory or WriteProcessMemory request was completed. (0x12B)
[0524/212638.616:WARNING:pe_image_reader.cc(340)] could not read dos header from C:\WINDOWS\System32\WS2_32.dll
[0524/212638.616:ERROR:process_memory_win.cc(73)] ReadMemory at 0x7ffe37c10000 of 64 bytes failed: Only part of a ReadProcessMemory or WriteProcessMemory request was completed. (0x12B)
[0524/212638.616:WARNING:pe_image_reader.cc(340)] could not read dos header from C:\WINDOWS\System32\OLEAUT32.dll
[0524/212638.616:ERROR:process_memory_win.cc(73)] ReadMemory at 0x7ffe36b50000 of 64 bytes failed: Only part of a ReadProcessMemory or WriteProcessMemory request was completed. (0x12B)
[0524/212638.616:WARNING:pe_image_reader.cc(340)] could not read dos header from C:\WINDOWS\System32\msvcp_win.dll
[0524/212638.616:ERROR:process_memory_win.cc(73)] ReadMemory at 0x7ffe368f0000 of 64 bytes failed: Only part of a ReadProcessMemory or WriteProcessMemory request was completed. (0x12B)
[0524/212638.616:WARNING:pe_image_reader.cc(340)] could not read dos header from C:\WINDOWS\System32\ucrtbase.dll
[0524/212638.616:ERROR:process_memory_win.cc(73)] ReadMemory at 0x7ffe38690000 of 64 bytes failed: Only part of a ReadProcessMemory or WriteProcessMemory request was completed. (0x12B)
[0524/212638.616:WARNING:pe_image_reader.cc(340)] could not read dos header from C:\WINDOWS\System32\combase.dll
[0524/212638.616:ERROR:process_memory_win.cc(73)] ReadMemory at 0x7ffe36a20000 of 64 bytes failed: Only part of a ReadProcessMemory or WriteProcessMemory request was completed. (0x12B)
[0524/212638.616:WARNING:pe_image_reader.cc(340)] could not read dos header from C:\WINDOWS\System32\WINTRUST.dll
[0524/212638.616:ERROR:process_memory_win.cc(73)] ReadMemory at 0x7ffe368d0000 of 64 bytes failed: Only part of a ReadProcessMemory or WriteProcessMemory request was completed. (0x12B)
[0524/212638.616:WARNING:pe_image_reader.cc(340)] could not read dos header from C:\WINDOWS\System32\MSASN1.dll
[0524/212638.616:ERROR:process_memory_win.cc(73)] ReadMemory at 0x7ffe378c0000 of 64 bytes failed: Only part of a ReadProcessMemory or WriteProcessMemory request was completed. (0x12B)
[0524/212638.616:WARNING:pe_image_reader.cc(340)] could not read dos header from C:\WINDOWS\System32\CRYPT32.dll
[0524/212638.616:ERROR:process_memory_win.cc(73)] ReadMemory at 0x7ffe35da0000 of 64 bytes failed: Only part of a ReadProcessMemory or WriteProcessMemory request was completed. (0x12B)
[0524/212638.616:WARNING:pe_image_reader.cc(340)] could not read dos header from C:\WINDOWS\SYSTEM32\IPHLPAPI.DLL
[0524/212638.616:ERROR:process_memory_win.cc(73)] ReadMemory at 0x7ffe33a40000 of 64 bytes failed: Only part of a ReadProcessMemory or WriteProcessMemory request was completed. (0x12B)
[0524/212638.616:WARNING:pe_image_reader.cc(340)] could not read dos header from C:\WINDOWS\SYSTEM32\WINMM.dll
[0524/212638.616:ERROR:process_memory_win.cc(73)] ReadMemory at 0x7ffe25d20000 of 64 bytes failed: Only part of a ReadProcessMemory or WriteProcessMemory request was completed. (0x12B)
[0524/212638.616:WARNING:pe_image_reader.cc(340)] could not read dos header from C:\WINDOWS\SYSTEM32\Secur32.dll
[0524/212638.616:ERROR:process_memory_win.cc(73)] ReadMemory at 0x7ffe36710000 of 64 bytes failed: Only part of a ReadProcessMemory or WriteProcessMemory request was completed. (0x12B)
[0524/212638.616:WARNING:pe_image_reader.cc(340)] could not read dos header from C:\WINDOWS\SYSTEM32\USERENV.dll
[0524/212638.616:ERROR:process_memory_win.cc(73)] ReadMemory at 0x7ffe36850000 of 64 bytes failed: Only part of a ReadProcessMemory or WriteProcessMemory request was completed. (0x12B)
[0524/212638.616:WARNING:pe_image_reader.cc(340)] could not read dos header from C:\WINDOWS\System32\profapi.dll
[0524/212638.616:ERROR:process_memory_win.cc(73)] ReadMemory at 0x7ffe0a400000 of 64 bytes failed: Only part of a ReadProcessMemory or WriteProcessMemory request was completed. (0x12B)
[0524/212638.616:WARNING:pe_image_reader.cc(340)] could not read dos header from C:\WINDOWS\SYSTEM32\UIAutomationCore.DLL
[0524/212638.616:ERROR:process_memory_win.cc(73)] ReadMemory at 0x7ffe34520000 of 64 bytes failed: Only part of a ReadProcessMemory or WriteProcessMemory request was completed. (0x12B)
[0524/212638.616:WARNING:pe_image_reader.cc(340)] could not read dos header from C:\WINDOWS\SYSTEM32\WINHTTP.dll
[0524/212638.616:ERROR:process_memory_win.cc(73)] ReadMemory at 0x7ffe10960000 of 64 bytes failed: Only part of a ReadProcessMemory or WriteProcessMemory request was completed. (0x12B)
[0524/212638.616:WARNING:pe_image_reader.cc(340)] could not read dos header from C:\WINDOWS\SYSTEM32\DWrite.dll
[0524/212638.616:ERROR:process_memory_win.cc(73)] ReadMemory at 0x7ffe27d70000 of 64 bytes failed: Only part of a ReadProcessMemory or WriteProcessMemory request was completed. (0x12B)
[0524/212638.616:WARNING:pe_image_reader.cc(340)] could not read dos header from C:\WINDOWS\SYSTEM32\WINSPOOL.DRV
[0524/212638.616:ERROR:process_memory_win.cc(73)] ReadMemory at 0x7ffe36830000 of 64 bytes failed: Only part of a ReadProcessMemory or WriteProcessMemory request was completed. (0x12B)
[0524/212638.616:WARNING:pe_image_reader.cc(340)] could not read dos header from C:\WINDOWS\System32\kernel.appcore.dll
[0524/212638.616:ERROR:process_memory_win.cc(73)] ReadMemory at 0x7ffe369f0000 of 64 bytes failed: Only part of a ReadProcessMemory or WriteProcessMemory request was completed. (0x12B)
[0524/212638.616:WARNING:pe_image_reader.cc(340)] could not read dos header from C:\WINDOWS\System32\bcrypt.dll
[0524/212638.616:ERROR:process_memory_win.cc(73)] ReadMemory at 0x7ffe35140000 of 64 bytes failed: Only part of a ReadProcessMemory or WriteProcessMemory request was completed. (0x12B)
[0524/212638.616:WARNING:pe_image_reader.cc(340)] could not read dos header from C:\WINDOWS\SYSTEM32\dbghelp.dll
[0524/212638.616:ERROR:process_memory_win.cc(73)] ReadMemory at 0x7ffe2b8a0000 of 64 bytes failed: Only part of a ReadProcessMemory or WriteProcessMemory request was completed. (0x12B)
[0524/212638.616:WARNING:pe_image_reader.cc(340)] could not read dos header from C:\WINDOWS\SYSTEM32\dhcpcsvc.DLL
[0524/212638.616:ERROR:process_memory_win.cc(73)] ReadMemory at 0x7ffe39470000 of 64 bytes failed: Only part of a ReadProcessMemory or WriteProcessMemory request was completed. (0x12B)
[0524/212638.616:WARNING:pe_image_reader.cc(340)] could not read dos header from C:\WINDOWS\System32\NSI.dll
[0524/212638.616:ERROR:process_memory_win.cc(73)] ReadMemory at 0x7ffe33a10000 of 64 bytes failed: Only part of a ReadProcessMemory or WriteProcessMemory request was completed. (0x12B)
[0524/212638.616:WARNING:pe_image_reader.cc(340)] could not read dos header from C:\WINDOWS\SYSTEM32\WINMMBASE.dll
[0524/212638.616:ERROR:process_memory_win.cc(73)] ReadMemory at 0x7ffe36bf0000 of 64 bytes failed: Only part of a ReadProcessMemory or WriteProcessMemory request was completed. (0x12B)
[0524/212638.616:WARNING:pe_image_reader.cc(340)] could not read dos header from C:\WINDOWS\System32\cfgmgr32.dll
[0524/212638.616:ERROR:process_memory_win.cc(73)] ReadMemory at 0x7ffe340c0000 of 64 bytes failed: Only part of a ReadProcessMemory or WriteProcessMemory request was completed. (0x12B)
[0524/212638.616:WARNING:pe_image_reader.cc(340)] could not read dos header from C:\WINDOWS\SYSTEM32\PROPSYS.dll
[0524/212638.616:ERROR:process_memory_win.cc(73)] ReadMemory at 0x7ffe37b20000 of 64 bytes failed: Only part of a ReadProcessMemory or WriteProcessMemory request was completed. (0x12B)
[0524/212638.616:WARNING:pe_image_reader.cc(340)] could not read dos header from C:\WINDOWS\System32\shcore.dll
[0524/212638.616:ERROR:process_memory_win.cc(73)] ReadMemory at 0x7ffe36740000 of 64 bytes failed: Only part of a ReadProcessMemory or WriteProcessMemory request was completed. (0x12B)
[0524/212638.616:WARNING:pe_image_reader.cc(340)] could not read dos header from C:\WINDOWS\SYSTEM32\SSPICLI.DLL
[0524/212638.616:ERROR:process_memory_win.cc(73)] ReadMemory at 0x7ffe36260000 of 64 bytes failed: Only part of a ReadProcessMemory or WriteProcessMemory request was completed. (0x12B)
[0524/212638.616:WARNING:pe_image_reader.cc(340)] could not read dos header from C:\WINDOWS\SYSTEM32\CRYPTBASE.DLL
[0524/212638.624:ERROR:process_memory_win.cc(73)] ReadMemory at 0x7ff623ce0000 of 64 bytes failed: Only part of a ReadProcessMemory or WriteProcessMemory request was completed. (0x12B)
[0524/212638.624:WARNING:pe_image_reader.cc(340)] could not read dos header from C:\Program Files (x86)\Microsoft\Edge\Application\msedge.exe
[0524/212638.624:ERROR:process_memory_win.cc(73)] ReadMemory at 0x7ffe39960000 of 64 bytes failed: Only part of a ReadProcessMemory or WriteProcessMemory request was completed. (0x12B)
[0524/212638.624:WARNING:pe_image_reader.cc(340)] could not read dos header from C:\WINDOWS\SYSTEM32\ntdll.dll
[0524/212638.624:ERROR:process_memory_win.cc(73)] ReadMemory at 0x7ffe39480000 of 64 bytes failed: Only part of a ReadProcessMemory or WriteProcessMemory request was completed. (0x12B)
[0524/212638.624:WARNING:pe_image_reader.cc(340)] could not read dos header from C:\WINDOWS\System32\KERNEL32.DLL
[0524/212638.624:ERROR:process_memory_win.cc(73)] ReadMemory at 0x7ffe373f0000 of 64 bytes failed: Only part of a ReadProcessMemory or WriteProcessMemory request was completed. (0x12B)
[0524/212638.624:WARNING:pe_image_reader.cc(340)] could not read dos header from C:\WINDOWS\System32\KERNELBASE.dll
[0524/212638.624:ERROR:process_memory_win.cc(73)] ReadMemory at 0x7ffe188b0000 of 64 bytes failed: Only part of a ReadProcessMemory or WriteProcessMemory request was completed. (0x12B)
[0524/212638.624:WARNING:pe_image_reader.cc(340)] could not read dos header from C:\Program Files (x86)\Microsoft\Edge\Application\83.0.478.37\msedge_elf.dll
[0524/212638.624:ERROR:process_memory_win.cc(73)] ReadMemory at 0x7ffe376a0000 of 64 bytes failed: Only part of a ReadProcessMemory or WriteProcessMemory request was completed. (0x12B)
[0524/212638.624:WARNING:pe_image_reader.cc(340)] could not read dos header from C:\WINDOWS\System32\bcryptPrimitives.dll
[0524/212638.624:ERROR:process_memory_win.cc(73)] ReadMemory at 0x7ffe39250000 of 64 bytes failed: Only part of a ReadProcessMemory or WriteProcessMemory request was completed. (0x12B)
[0524/212638.624:WARNING:pe_image_reader.cc(340)] could not read dos header from C:\WINDOWS\System32\ADVAPI32.dll
[0524/212638.624:ERROR:process_memory_win.cc(73)] ReadMemory at 0x7ffe37a10000 of 64 bytes failed: Only part of a ReadProcessMemory or WriteProcessMemory request was completed. (0x12B)
[0524/212638.624:WARNING:pe_image_reader.cc(340)] could not read dos header from C:\WINDOWS\System32\msvcrt.dll
[0524/212638.624:ERROR:process_memory_win.cc(73)] ReadMemory at 0x26d56dc0000 of 64 bytes failed: Only part of a ReadProcessMemory or WriteProcessMemory request was completed. (0x12B)
[0524/212638.624:WARNING:pe_image_reader.cc(340)] could not read dos header from C:\WINDOWS\System32\sechost.dll
[0524/212638.624:ERROR:process_memory_win.cc(73)] ReadMemory at 0x7ffe397a0000 of 64 bytes failed: Only part of a ReadProcessMemory or WriteProcessMemory request was completed. (0x12B)
[0524/212638.624:WARNING:pe_image_reader.cc(340)] could not read dos header from C:\WINDOWS\System32\RPCRT4.dll
[0524/212638.624:ERROR:process_memory_win.cc(73)] ReadMemory at 0x7ffdcab40000 of 64 bytes failed: Only part of a ReadProcessMemory or WriteProcessMemory request was completed. (0x12B)
[0524/212638.624:WARNING:pe_image_reader.cc(340)] could not read dos header from C:\Program Files (x86)\Microsoft\Edge\Application\83.0.478.37\msedge.dll
[0524/212638.624:ERROR:process_memory_win.cc(73)] ReadMemory at 0x7ffe39300000 of 64 bytes failed: Only part of a ReadProcessMemory or WriteProcessMemory request was completed. (0x12B)
[0524/212638.624:WARNING:pe_image_reader.cc(340)] could not read dos header from C:\WINDOWS\System32\WS2_32.dll
[0524/212638.624:ERROR:process_memory_win.cc(73)] ReadMemory at 0x7ffe37c10000 of 64 bytes failed: Only part of a ReadProcessMemory or WriteProcessMemory request was completed. (0x12B)
[0524/212638.624:WARNING:pe_image_reader.cc(340)] could not read dos header from C:\WINDOWS\System32\OLEAUT32.dll
[0524/212638.624:ERROR:process_memory_win.cc(73)] ReadMemory at 0x7ffe36b50000 of 64 bytes failed: Only part of a ReadProcessMemory or WriteProcessMemory request was completed. (0x12B)
[0524/212638.624:WARNING:pe_image_reader.cc(340)] could not read dos header from C:\WINDOWS\System32\msvcp_win.dll
[0524/212638.624:ERROR:process_memory_win.cc(73)] ReadMemory at 0x7ffe368f0000 of 64 bytes failed: Only part of a ReadProcessMemory or WriteProcessMemory request was completed. (0x12B)
[0524/212638.624:WARNING:pe_image_reader.cc(340)] could not read dos header from C:\WINDOWS\System32\ucrtbase.dll
[0524/212638.624:ERROR:process_memory_win.cc(73)] ReadMemory at 0x7ffe38690000 of 64 bytes failed: Only part of a ReadProcessMemory or WriteProcessMemory request was completed. (0x12B)
[0524/212638.624:WARNING:pe_image_reader.cc(340)] could not read dos header from C:\WINDOWS\System32\combase.dll
[0524/212638.624:ERROR:process_memory_win.cc(73)] ReadMemory at 0x7ffe36a20000 of 64 bytes failed: Only part of a ReadProcessMemory or WriteProcessMemory request was completed. (0x12B)
[0524/212638.624:WARNING:pe_image_reader.cc(340)] could not read dos header from C:\WINDOWS\System32\WINTRUST.dll
[0524/212638.624:ERROR:process_memory_win.cc(73)] ReadMemory at 0x7ffe368d0000 of 64 bytes failed: Only part of a ReadProcessMemory or WriteProcessMemory request was completed. (0x12B)
[0524/212638.624:WARNING:pe_image_reader.cc(340)] could not read dos header from C:\WINDOWS\System32\MSASN1.dll
[0524/212638.624:ERROR:process_memory_win.cc(73)] ReadMemory at 0x7ffe378c0000 of 64 bytes failed: Only part of a ReadProcessMemory or WriteProcessMemory request was completed. (0x12B)
[0524/212638.624:WARNING:pe_image_reader.cc(340)] could not read dos header from C:\WINDOWS\System32\CRYPT32.dll
[0524/212638.624:ERROR:process_memory_win.cc(73)] ReadMemory at 0x7ffe35da0000 of 64 bytes failed: Only part of a ReadProcessMemory or WriteProcessMemory request was completed. (0x12B)
[0524/212638.624:WARNING:pe_image_reader.cc(340)] could not read dos header from C:\WINDOWS\SYSTEM32\IPHLPAPI.DLL
[0524/212638.624:ERROR:process_memory_win.cc(73)] ReadMemory at 0x7ffe33a40000 of 64 bytes failed: Only part of a ReadProcessMemory or WriteProcessMemory request was completed. (0x12B)
[0524/212638.624:WARNING:pe_image_reader.cc(340)] could not read dos header from C:\WINDOWS\SYSTEM32\WINMM.dll
[0524/212638.624:ERROR:process_memory_win.cc(73)] ReadMemory at 0x7ffe25d20000 of 64 bytes failed: Only part of a ReadProcessMemory or WriteProcessMemory request was completed. (0x12B)
[0524/212638.624:WARNING:pe_image_reader.cc(340)] could not read dos header from C:\WINDOWS\SYSTEM32\Secur32.dll
[0524/212638.624:ERROR:process_memory_win.cc(73)] ReadMemory at 0x7ffe36710000 of 64 bytes failed: Only part of a ReadProcessMemory or WriteProcessMemory request was completed. (0x12B)
[0524/212638.624:WARNING:pe_image_reader.cc(340)] could not read dos header from C:\WINDOWS\SYSTEM32\USERENV.dll
[0524/212638.624:ERROR:process_memory_win.cc(73)] ReadMemory at 0x7ffe36850000 of 64 bytes failed: Only part of a ReadProcessMemory or WriteProcessMemory request was completed. (0x12B)
[0524/212638.624:WARNING:pe_image_reader.cc(340)] could not read dos header from C:\WINDOWS\System32\profapi.dll
[0524/212638.624:ERROR:process_memory_win.cc(73)] ReadMemory at 0x7ffe0a400000 of 64 bytes failed: Only part of a ReadProcessMemory or WriteProcessMemory request was completed. (0x12B)
[0524/212638.624:WARNING:pe_image_reader.cc(340)] could not read dos header from C:\WINDOWS\SYSTEM32\UIAutomationCore.DLL
[0524/212638.624:ERROR:process_memory_win.cc(73)] ReadMemory at 0x7ffe34520000 of 64 bytes failed: Only part of a ReadProcessMemory or WriteProcessMemory request was completed. (0x12B)
[0524/212638.624:WARNING:pe_image_reader.cc(340)] could not read dos header from C:\WINDOWS\SYSTEM32\WINHTTP.dll
[0524/212638.624:ERROR:process_memory_win.cc(73)] ReadMemory at 0x7ffe10960000 of 64 bytes failed: Only part of a ReadProcessMemory or WriteProcessMemory request was completed. (0x12B)
[0524/212638.624:WARNING:pe_image_reader.cc(340)] could not read dos header from C:\WINDOWS\SYSTEM32\DWrite.dll
[0524/212638.624:ERROR:process_memory_win.cc(73)] ReadMemory at 0x7ffe27d70000 of 64 bytes failed: Only part of a ReadProcessMemory or WriteProcessMemory request was completed. (0x12B)
[0524/212638.624:WARNING:pe_image_reader.cc(340)] could not read dos header from C:\WINDOWS\SYSTEM32\WINSPOOL.DRV
[0524/212638.624:ERROR:process_memory_win.cc(73)] ReadMemory at 0x7ffe36830000 of 64 bytes failed: Only part of a ReadProcessMemory or WriteProcessMemory request was completed. (0x12B)
[0524/212638.624:WARNING:pe_image_reader.cc(340)] could not read dos header from C:\WINDOWS\System32\kernel.appcore.dll
[0524/212638.624:ERROR:process_memory_win.cc(73)] ReadMemory at 0x7ffe369f0000 of 64 bytes failed: Only part of a ReadProcessMemory or WriteProcessMemory request was completed. (0x12B)
[0524/212638.624:WARNING:pe_image_reader.cc(340)] could not read dos header from C:\WINDOWS\System32\bcrypt.dll
[0524/212638.624:ERROR:process_memory_win.cc(73)] ReadMemory at 0x7ffe35140000 of 64 bytes failed: Only part of a ReadProcessMemory or WriteProcessMemory request was completed. (0x12B)
[0524/212638.624:WARNING:pe_image_reader.cc(340)] could not read dos header from C:\WINDOWS\SYSTEM32\dbghelp.dll
[0524/212638.624:ERROR:process_memory_win.cc(73)] ReadMemory at 0x7ffe2b8a0000 of 64 bytes failed: Only part of a ReadProcessMemory or WriteProcessMemory request was completed. (0x12B)
[0524/212638.624:WARNING:pe_image_reader.cc(340)] could not read dos header from C:\WINDOWS\SYSTEM32\dhcpcsvc.DLL
[0524/212638.624:ERROR:process_memory_win.cc(73)] ReadMemory at 0x7ffe39470000 of 64 bytes failed: Only part of a ReadProcessMemory or WriteProcessMemory request was completed. (0x12B)
[0524/212638.624:WARNING:pe_image_reader.cc(340)] could not read dos header from C:\WINDOWS\System32\NSI.dll
[0524/212638.628:ERROR:process_memory_win.cc(73)] ReadMemory at 0x7ffe33a10000 of 64 bytes failed: Only part of a ReadProcessMemory or WriteProcessMemory request was completed. (0x12B)
[0524/212638.628:WARNING:pe_image_reader.cc(340)] could not read dos header from C:\WINDOWS\SYSTEM32\WINMMBASE.dll
[0524/212638.628:ERROR:process_memory_win.cc(73)] ReadMemory at 0x7ffe36bf0000 of 64 bytes failed: Only part of a ReadProcessMemory or WriteProcessMemory request was completed. (0x12B)
[0524/212638.628:WARNING:pe_image_reader.cc(340)] could not read dos header from C:\WINDOWS\System32\cfgmgr32.dll
[0524/212638.628:ERROR:process_memory_win.cc(73)] ReadMemory at 0x7ffe340c0000 of 64 bytes failed: Only part of a ReadProcessMemory or WriteProcessMemory request was completed. (0x12B)
[0524/212638.628:WARNING:pe_image_reader.cc(340)] could not read dos header from C:\WINDOWS\SYSTEM32\PROPSYS.dll
[0524/212638.628:ERROR:process_memory_win.cc(73)] ReadMemory at 0x7ffe37b20000 of 64 bytes failed: Only part of a ReadProcessMemory or WriteProcessMemory request was completed. (0x12B)
[0524/212638.628:WARNING:pe_image_reader.cc(340)] could not read dos header from C:\WINDOWS\System32\shcore.dll
[0524/212638.628:ERROR:process_memory_win.cc(73)] ReadMemory at 0x7ffe36740000 of 64 bytes failed: Only part of a ReadProcessMemory or WriteProcessMemory request was completed. (0x12B)
[0524/212638.628:WARNING:pe_image_reader.cc(340)] could not read dos header from C:\WINDOWS\SYSTEM32\SSPICLI.DLL
[0524/212638.628:ERROR:process_memory_win.cc(73)] ReadMemory at 0x7ffe36260000 of 64 bytes failed: Only part of a ReadProcessMemory or WriteProcessMemory request was completed. (0x12B)
[0524/212638.628:WARNING:pe_image_reader.cc(340)] could not read dos header from C:\WINDOWS\SYSTEM32\CRYPTBASE.DLL
[0524/212638.628:ERROR:process_memory_win.cc(73)] ReadMemory at 0x7ff623ce0000 of 64 bytes failed: Only part of a ReadProcessMemory or WriteProcessMemory request was completed. (0x12B)
[0524/212638.628:WARNING:pe_image_reader.cc(340)] could not read dos header from C:\Program Files (x86)\Microsoft\Edge\Application\msedge.exe
[0524/212638.628:ERROR:process_memory_win.cc(73)] ReadMemory at 0x7ffe39960000 of 64 bytes failed: Only part of a ReadProcessMemory or WriteProcessMemory request was completed. (0x12B)
[0524/212638.628:WARNING:pe_image_reader.cc(340)] could not read dos header from C:\WINDOWS\SYSTEM32\ntdll.dll
[0524/212638.628:ERROR:process_memory_win.cc(73)] ReadMemory at 0x7ffe39480000 of 64 bytes failed: Only part of a ReadProcessMemory or WriteProcessMemory request was completed. (0x12B)
[0524/212638.628:WARNING:pe_image_reader.cc(340)] could not read dos header from C:\WINDOWS\System32\KERNEL32.DLL
[0524/212638.628:ERROR:process_memory_win.cc(73)] ReadMemory at 0x7ffe373f0000 of 64 bytes failed: Only part of a ReadProcessMemory or WriteProcessMemory request was completed. (0x12B)
[0524/212638.628:WARNING:pe_image_reader.cc(340)] could not read dos header from C:\WINDOWS\System32\KERNELBASE.dll
[0524/212638.628:ERROR:process_memory_win.cc(73)] ReadMemory at 0x7ffe188b0000 of 64 bytes failed: Only part of a ReadProcessMemory or WriteProcessMemory request was completed. (0x12B)
[0524/212638.628:WARNING:pe_image_reader.cc(340)] could not read dos header from C:\Program Files (x86)\Microsoft\Edge\Application\83.0.478.37\msedge_elf.dll
[0524/212638.628:ERROR:process_memory_win.cc(73)] ReadMemory at 0x7ffe376a0000 of 64 bytes failed: Only part of a ReadProcessMemory or WriteProcessMemory request was completed. (0x12B)
[0524/212638.628:WARNING:pe_image_reader.cc(340)] could not read dos header from C:\WINDOWS\System32\bcryptPrimitives.dll
[0524/212638.628:ERROR:process_memory_win.cc(73)] ReadMemory at 0x7ffe39250000 of 64 bytes failed: Only part of a ReadProcessMemory or WriteProcessMemory request was completed. (0x12B)
[0524/212638.628:WARNING:pe_image_reader.cc(340)] could not read dos header from C:\WINDOWS\System32\ADVAPI32.dll
[0524/212638.628:ERROR:process_memory_win.cc(73)] ReadMemory at 0x7ffe37a10000 of 64 bytes failed: Only part of a ReadProcessMemory or WriteProcessMemory request was completed. (0x12B)
[0524/212638.628:WARNING:pe_image_reader.cc(340)] could not read dos header from C:\WINDOWS\System32\msvcrt.dll
[0524/212638.628:ERROR:process_memory_win.cc(73)] ReadMemory at 0x26d56dc0000 of 64 bytes failed: Only part of a ReadProcessMemory or WriteProcessMemory request was completed. (0x12B)
[0524/212638.628:WARNING:pe_image_reader.cc(340)] could not read dos header from C:\WINDOWS\System32\sechost.dll
[0524/212638.628:ERROR:process_memory_win.cc(73)] ReadMemory at 0x7ffe397a0000 of 64 bytes failed: Only part of a ReadProcessMemory or WriteProcessMemory request was completed. (0x12B)
[0524/212638.628:WARNING:pe_image_reader.cc(340)] could not read dos header from C:\WINDOWS\System32\RPCRT4.dll
[0524/212638.628:ERROR:process_memory_win.cc(73)] ReadMemory at 0x7ffdcab40000 of 64 bytes failed: Only part of a ReadProcessMemory or WriteProcessMemory request was completed. (0x12B)
[0524/212638.628:WARNING:pe_image_reader.cc(340)] could not read dos header from C:\Program Files (x86)\Microsoft\Edge\Application\83.0.478.37\msedge.dll
[0524/212638.628:ERROR:process_memory_win.cc(73)] ReadMemory at 0x7ffe39300000 of 64 bytes failed: Only part of a ReadProcessMemory or WriteProcessMemory request was completed. (0x12B)
[0524/212638.628:WARNING:pe_image_reader.cc(340)] could not read dos header from C:\WINDOWS\System32\WS2_32.dll
[0524/212638.628:ERROR:process_memory_win.cc(73)] ReadMemory at 0x7ffe37c10000 of 64 bytes failed: Only part of a ReadProcessMemory or WriteProcessMemory request was completed. (0x12B)
[0524/212638.628:WARNING:pe_image_reader.cc(340)] could not read dos header from C:\WINDOWS\System32\OLEAUT32.dll
[0524/212638.628:ERROR:process_memory_win.cc(73)] ReadMemory at 0x7ffe36b50000 of 64 bytes failed: Only part of a ReadProcessMemory or WriteProcessMemory request was completed. (0x12B)
[0524/212638.628:WARNING:pe_image_reader.cc(340)] could not read dos header from C:\WINDOWS\System32\msvcp_win.dll
[0524/212638.628:ERROR:process_memory_win.cc(73)] ReadMemory at 0x7ffe368f0000 of 64 bytes failed: Only part of a ReadProcessMemory or WriteProcessMemory request was completed. (0x12B)
[0524/212638.628:WARNING:pe_image_reader.cc(340)] could not read dos header from C:\WINDOWS\System32\ucrtbase.dll
[0524/212638.628:ERROR:process_memory_win.cc(73)] ReadMemory at 0x7ffe38690000 of 64 bytes failed: Only part of a ReadProcessMemory or WriteProcessMemory request was completed. (0x12B)
[0524/212638.628:WARNING:pe_image_reader.cc(340)] could not read dos header from C:\WINDOWS\System32\combase.dll
[0524/212638.628:ERROR:process_memory_win.cc(73)] ReadMemory at 0x7ffe36a20000 of 64 bytes failed: Only part of a ReadProcessMemory or WriteProcessMemory request was completed. (0x12B)
[0524/212638.628:WARNING:pe_image_reader.cc(340)] could not read dos header from C:\WINDOWS\System32\WINTRUST.dll
[0524/212638.628:ERROR:process_memory_win.cc(73)] ReadMemory at 0x7ffe368d0000 of 64 bytes failed: Only part of a ReadProcessMemory or WriteProcessMemory request was completed. (0x12B)
[0524/212638.628:WARNING:pe_image_reader.cc(340)] could not read dos header from C:\WINDOWS\System32\MSASN1.dll
[0524/212638.628:ERROR:process_memory_win.cc(73)] ReadMemory at 0x7ffe378c0000 of 64 bytes failed: Only part of a ReadProcessMemory or WriteProcessMemory request was completed. (0x12B)
[0524/212638.628:WARNING:pe_image_reader.cc(340)] could not read dos header from C:\WINDOWS\System32\CRYPT32.dll
[0524/212638.628:ERROR:process_memory_win.cc(73)] ReadMemory at 0x7ffe35da0000 of 64 bytes failed: Only part of a ReadProcessMemory or WriteProcessMemory request was completed. (0x12B)
[0524/212638.628:WARNING:pe_image_reader.cc(340)] could not read dos header from C:\WINDOWS\SYSTEM32\IPHLPAPI.DLL
[0524/212638.628:ERROR:process_memory_win.cc(73)] ReadMemory at 0x7ffe33a40000 of 64 bytes failed: Only part of a ReadProcessMemory or WriteProcessMemory request was completed. (0x12B)
[0524/212638.628:WARNING:pe_image_reader.cc(340)] could not read dos header from C:\WINDOWS\SYSTEM32\WINMM.dll
[0524/212638.628:ERROR:process_memory_win.cc(73)] ReadMemory at 0x7ffe25d20000 of 64 bytes failed: Only part of a ReadProcessMemory or WriteProcessMemory request was completed. (0x12B)
[0524/212638.628:WARNING:pe_image_reader.cc(340)] could not read dos header from C:\WINDOWS\SYSTEM32\Secur32.dll
[0524/212638.628:ERROR:process_memory_win.cc(73)] ReadMemory at 0x7ffe36710000 of 64 bytes failed: Only part of a ReadProcessMemory or WriteProcessMemory request was completed. (0x12B)
[0524/212638.628:WARNING:pe_image_reader.cc(340)] could not read dos header from C:\WINDOWS\SYSTEM32\USERENV.dll
[0524/212638.628:ERROR:process_memory_win.cc(73)] ReadMemory at 0x7ffe36850000 of 64 bytes failed: Only part of a ReadProcessMemory or WriteProcessMemory request was completed. (0x12B)
[0524/212638.628:WARNING:pe_image_reader.cc(340)] could not read dos header from C:\WINDOWS\System32\profapi.dll
[0524/212638.628:ERROR:process_memory_win.cc(73)] ReadMemory at 0x7ffe0a400000 of 64 bytes failed: Only part of a ReadProcessMemory or WriteProcessMemory request was completed. (0x12B)
[0524/212638.628:WARNING:pe_image_reader.cc(340)] could not read dos header from C:\WINDOWS\SYSTEM32\UIAutomationCore.DLL
[0524/212638.628:ERROR:process_memory_win.cc(73)] ReadMemory at 0x7ffe34520000 of 64 bytes failed: Only part of a ReadProcessMemory or WriteProcessMemory request was completed. (0x12B)
[0524/212638.628:WARNING:pe_image_reader.cc(340)] could not read dos header from C:\WINDOWS\SYSTEM32\WINHTTP.dll
[0524/212638.628:ERROR:process_memory_win.cc(73)] ReadMemory at 0x7ffe10960000 of 64 bytes failed: Only part of a ReadProcessMemory or WriteProcessMemory request was completed. (0x12B)
[0524/212638.628:WARNING:pe_image_reader.cc(340)] could not read dos header from C:\WINDOWS\SYSTEM32\DWrite.dll
[0524/212638.628:ERROR:process_memory_win.cc(73)] ReadMemory at 0x7ffe27d70000 of 64 bytes failed: Only part of a ReadProcessMemory or WriteProcessMemory request was completed. (0x12B)
[0524/212638.628:WARNING:pe_image_reader.cc(340)] could not read dos header from C:\WINDOWS\SYSTEM32\WINSPOOL.DRV
[0524/212638.628:ERROR:process_memory_win.cc(73)] ReadMemory at 0x7ffe36830000 of 64 bytes failed: Only part of a ReadProcessMemory or WriteProcessMemory request was completed. (0x12B)
[0524/212638.628:WARNING:pe_image_reader.cc(340)] could not read dos header from C:\WINDOWS\System32\kernel.appcore.dll
[0524/212638.628:ERROR:process_memory_win.cc(73)] ReadMemory at 0x7ffe369f0000 of 64 bytes failed: Only part of a ReadProcessMemory or WriteProcessMemory request was completed. (0x12B)
[0524/212638.628:WARNING:pe_image_reader.cc(340)] could not read dos header from C:\WINDOWS\System32\bcrypt.dll
[0524/212638.628:ERROR:process_memory_win.cc(73)] ReadMemory at 0x7ffe35140000 of 64 bytes failed: Only part of a ReadProcessMemory or WriteProcessMemory request was completed. (0x12B)
[0524/212638.628:WARNING:pe_image_reader.cc(340)] could not read dos header from C:\WINDOWS\SYSTEM32\dbghelp.dll
[0524/212638.628:ERROR:process_memory_win.cc(73)] ReadMemory at 0x7ffe2b8a0000 of 64 bytes failed: Only part of a ReadProcessMemory or WriteProcessMemory request was completed. (0x12B)
[0524/212638.628:WARNING:pe_image_reader.cc(340)] could not read dos header from C:\WINDOWS\SYSTEM32\dhcpcsvc.DLL
[0524/212638.628:ERROR:process_memory_win.cc(73)] ReadMemory at 0x7ffe39470000 of 64 bytes failed: Only part of a ReadProcessMemory or WriteProcessMemory request was completed. (0x12B)
[0524/212638.628:WARNING:pe_image_reader.cc(340)] could not read dos header from C:\WINDOWS\System32\NSI.dll
[0524/212638.628:ERROR:process_memory_win.cc(73)] ReadMemory at 0x7ffe33a10000 of 64 bytes failed: Only part of a ReadProcessMemory or WriteProcessMemory request was completed. (0x12B)
[0524/212638.628:WARNING:pe_image_reader.cc(340)] could not read dos header from C:\WINDOWS\SYSTEM32\WINMMBASE.dll
[0524/212638.628:ERROR:process_memory_win.cc(73)] ReadMemory at 0x7ffe36bf0000 of 64 bytes failed: Only part of a ReadProcessMemory or WriteProcessMemory request was completed. (0x12B)
[0524/212638.628:WARNING:pe_image_reader.cc(340)] could not read dos header from C:\WINDOWS\System32\cfgmgr32.dll
[0524/212638.628:ERROR:process_memory_win.cc(73)] ReadMemory at 0x7ffe340c0000 of 64 bytes failed: Only part of a ReadProcessMemory or WriteProcessMemory request was completed. (0x12B)
[0524/212638.628:WARNING:pe_image_reader.cc(340)] could not read dos header from C:\WINDOWS\SYSTEM32\PROPSYS.dll
[0524/212638.628:ERROR:process_memory_win.cc(73)] ReadMemory at 0x7ffe37b20000 of 64 bytes failed: Only part of a ReadProcessMemory or WriteProcessMemory request was completed. (0x12B)
[0524/212638.628:WARNING:pe_image_reader.cc(340)] could not read dos header from C:\WINDOWS\System32\shcore.dll
[0524/212638.628:ERROR:process_memory_win.cc(73)] ReadMemory at 0x7ffe36740000 of 64 bytes failed: Only part of a ReadProcessMemory or WriteProcessMemory request was completed. (0x12B)
[0524/212638.628:WARNING:pe_image_reader.cc(340)] could not read dos header from C:\WINDOWS\SYSTEM32\SSPICLI.DLL
[0524/212638.628:ERROR:process_memory_win.cc(73)] ReadMemory at 0x7ffe36260000 of 64 bytes failed: Only part of a ReadProcessMemory or WriteProcessMemory request was completed. (0x12B)
[0524/212638.632:WARNING:pe_image_reader.cc(340)] could not read dos header from C:\WINDOWS\SYSTEM32\CRYPTBASE.DLL
[0524/212638.640:ERROR:process_memory_win.cc(73)] ReadMemory at 0xe6fd5fa000 of 852 bytes failed: Only part of a ReadProcessMemory or WriteProcessMemory request was completed. (0x12B)
[0524/212638.640:ERROR:process_memory_win.cc(73)] ReadMemory at 0x26d566d02c0 of 40 bytes failed: Only part of a ReadProcessMemory or WriteProcessMemory request was completed. (0x12B)
[0524/212638.640:ERROR:process_memory_win.cc(73)] ReadMemory at 0x26d566e02c0 of 40 bytes failed: Only part of a ReadProcessMemory or WriteProcessMemory request was completed. (0x12B)
[0524/212638.640:ERROR:process_memory_win.cc(73)] ReadMemory at 0x26d568402c0 of 40 bytes failed: Only part of a ReadProcessMemory or WriteProcessMemory request was completed. (0x12B)
[0524/212638.640:ERROR:process_memory_win.cc(73)] ReadMemory at 0x26d568d02c0 of 40 bytes failed: Only part of a ReadProcessMemory or WriteProcessMemory request was completed. (0x12B)
[0524/212638.640:ERROR:process_memory_win.cc(73)] ReadMemory at 0x26d568d0750 of 48 bytes failed: Only part of a ReadProcessMemory or WriteProcessMemory request was completed. (0x12B)
[0524/212638.640:ERROR:process_memory_win.cc(73)] ReadMemory at 0x26d568d0fe0 of 12988 bytes failed: Only part of a ReadProcessMemory or WriteProcessMemory request was completed. (0x12B)
[0524/212638.640:ERROR:process_memory_win.cc(73)] ReadMemory at 0x26d568d42b0 of 1012 bytes failed: Only part of a ReadProcessMemory or WriteProcessMemory request was completed. (0x12B)
[0524/212638.640:ERROR:process_memory_win.cc(73)] ReadMemory at 0x26d568d48f8 of 120 bytes failed: Only part of a ReadProcessMemory or WriteProcessMemory request was completed. (0x12B)
[0524/212638.640:ERROR:process_memory_win.cc(73)] ReadMemory at 0x26d568d4972 of 880 bytes failed: Only part of a ReadProcessMemory or WriteProcessMemory request was completed. (0x12B)
[0524/212638.640:ERROR:process_memory_win.cc(73)] ReadMemory at 0x26d568d4ce4 of 120 bytes failed: Only part of a ReadProcessMemory or WriteProcessMemory request was completed. (0x12B)
[0524/212638.640:ERROR:process_memory_win.cc(73)] ReadMemory at 0x26d568d4d5e of 96 bytes failed: Only part of a ReadProcessMemory or WriteProcessMemory request was completed. (0x12B)
[0524/212638.640:ERROR:process_memory_win.cc(73)] ReadMemory at 0x26d568d4dd0 of 58 bytes failed: Only part of a ReadProcessMemory or WriteProcessMemory request was completed. (0x12B)
[0524/212638.640:ERROR:process_memory_win.cc(73)] ReadMemory at 0x26d568d4ed0 of 132 bytes failed: Only part of a ReadProcessMemory or WriteProcessMemory request was completed. (0x12B)
[0524/212638.640:ERROR:process_memory_win.cc(73)] ReadMemory at 0x26d568d5060 of 132 bytes failed: Only part of a ReadProcessMemory or WriteProcessMemory request was completed. (0x12B)
[0524/212638.640:ERROR:process_memory_win.cc(73)] ReadMemory at 0x26d568d5600 of 132 bytes failed: Only part of a ReadProcessMemory or WriteProcessMemory request was completed. (0x12B)
[0524/212638.640:ERROR:process_memory_win.cc(73)] ReadMemory at 0x26d568d5790 of 64 bytes failed: Only part of a ReadProcessMemory or WriteProcessMemory request was completed. (0x12B)
[0524/212638.640:ERROR:process_memory_win.cc(73)] ReadMemory at 0x26d568d57e0 of 132 bytes failed: Only part of a ReadProcessMemory or WriteProcessMemory request was completed. (0x12B)
[0524/212638.640:ERROR:process_memory_win.cc(73)] ReadMemory at 0x26d568d5b40 of 152 bytes failed: Only part of a ReadProcessMemory or WriteProcessMemory request was completed. (0x12B)
[0524/212638.640:ERROR:process_memory_win.cc(73)] ReadMemory at 0x26d568d5bf0 of 132 bytes failed: Only part of a ReadProcessMemory or WriteProcessMemory request was completed. (0x12B)
[0524/212638.640:ERROR:process_memory_win.cc(73)] ReadMemory at 0x26d568d5d80 of 68 bytes failed: Only part of a ReadProcessMemory or WriteProcessMemory request was completed. (0x12B)
[0524/212638.640:ERROR:process_memory_win.cc(73)] ReadMemory at 0x26d568d6db0 of 132 bytes failed: Only part of a ReadProcessMemory or WriteProcessMemory request was completed. (0x12B)
[0524/212638.640:ERROR:process_memory_win.cc(73)] ReadMemory at 0x26d568d8980 of 132 bytes failed: Only part of a ReadProcessMemory or WriteProcessMemory request was completed. (0x12B)
[0524/212638.640:ERROR:process_memory_win.cc(73)] ReadMemory at 0x26d568d8c60 of 132 bytes failed: Only part of a ReadProcessMemory or WriteProcessMemory request was completed. (0x12B)
[0524/212638.640:ERROR:process_memory_win.cc(73)] ReadMemory at 0x26d568d9cd0 of 132 bytes failed: Only part of a ReadProcessMemory or WriteProcessMemory request was completed. (0x12B)
[0524/212638.640:ERROR:process_memory_win.cc(73)] ReadMemory at 0x26d568d9e60 of 80 bytes failed: Only part of a ReadProcessMemory or WriteProcessMemory request was completed. (0x12B)
[0524/212638.640:ERROR:process_memory_win.cc(73)] ReadMemory at 0x26d568dc560 of 60 bytes failed: Only part of a ReadProcessMemory or WriteProcessMemory request was completed. (0x12B)
[0524/212638.640:ERROR:process_memory_win.cc(73)] ReadMemory at 0x26d568dc5b0 of 62 bytes failed: Only part of a ReadProcessMemory or WriteProcessMemory request was completed. (0x12B)
[0524/212638.640:ERROR:process_memory_win.cc(73)] ReadMemory at 0x26d568dc650 of 62 bytes failed: Only part of a ReadProcessMemory or WriteProcessMemory request was completed. (0x12B)
[0524/212638.640:ERROR:process_memory_win.cc(73)] ReadMemory at 0x26d568dc6a0 of 64 bytes failed: Only part of a ReadProcessMemory or WriteProcessMemory request was completed. (0x12B)
[0524/212638.640:ERROR:process_memory_win.cc(73)] ReadMemory at 0x26d568dc6f0 of 66 bytes failed: Only part of a ReadProcessMemory or WriteProcessMemory request was completed. (0x12B)
[0524/212638.640:ERROR:process_memory_win.cc(73)] ReadMemory at 0x26d568dc740 of 62 bytes failed: Only part of a ReadProcessMemory or WriteProcessMemory request was completed. (0x12B)
[0524/212638.644:ERROR:process_memory_win.cc(73)] ReadMemory at 0x26d568dc7e0 of 60 bytes failed: Only part of a ReadProcessMemory or WriteProcessMemory request was completed. (0x12B)
[0524/212638.644:ERROR:process_memory_win.cc(73)] ReadMemory at 0x26d568dca60 of 60 bytes failed: Only part of a ReadProcessMemory or WriteProcessMemory request was completed. (0x12B)
[0524/212638.644:ERROR:process_memory_win.cc(73)] ReadMemory at 0x26d568dcab0 of 62 bytes failed: Only part of a ReadProcessMemory or WriteProcessMemory request was completed. (0x12B)
[0524/212638.644:ERROR:process_memory_win.cc(73)] ReadMemory at 0x26d568dcb50 of 58 bytes failed: Only part of a ReadProcessMemory or WriteProcessMemory request was completed. (0x12B)
[0524/212638.644:ERROR:process_memory_win.cc(73)] ReadMemory at 0x26d568dcba0 of 62 bytes failed: Only part of a ReadProcessMemory or WriteProcessMemory request was completed. (0x12B)
[0524/212638.644:ERROR:process_memory_win.cc(73)] ReadMemory at 0x26d568dcbf0 of 64 bytes failed: Only part of a ReadProcessMemory or WriteProcessMemory request was completed. (0x12B)
[0524/212638.644:ERROR:process_memory_win.cc(73)] ReadMemory at 0x26d568dcd30 of 62 bytes failed: Only part of a ReadProcessMemory or WriteProcessMemory request was completed. (0x12B)
[0524/212638.644:ERROR:process_memory_win.cc(73)] ReadMemory at 0x26d568dcdd0 of 62 bytes failed: Only part of a ReadProcessMemory or WriteProcessMemory request was completed. (0x12B)
[0524/212638.644:ERROR:process_memory_win.cc(73)] ReadMemory at 0x26d568dcf10 of 64 bytes failed: Only part of a ReadProcessMemory or WriteProcessMemory request was completed. (0x12B)
[0524/212638.644:ERROR:process_memory_win.cc(73)] ReadMemory at 0x26d568dcf60 of 64 bytes failed: Only part of a ReadProcessMemory or WriteProcessMemory request was completed. (0x12B)
[0524/212638.644:ERROR:process_memory_win.cc(73)] ReadMemory at 0x26d568dcfb0 of 62 bytes failed: Only part of a ReadProcessMemory or WriteProcessMemory request was completed. (0x12B)
[0524/212638.644:ERROR:process_memory_win.cc(73)] ReadMemory at 0x26d568dd0a0 of 60 bytes failed: Only part of a ReadProcessMemory or WriteProcessMemory request was completed. (0x12B)
[0524/212638.644:ERROR:process_memory_win.cc(73)] ReadMemory at 0x26d568dd320 of 64 bytes failed: Only part of a ReadProcessMemory or WriteProcessMemory request was completed. (0x12B)
[0524/212638.644:ERROR:process_memory_win.cc(73)] ReadMemory at 0x26d568dd370 of 62 bytes failed: Only part of a ReadProcessMemory or WriteProcessMemory request was completed. (0x12B)
[0524/212638.644:ERROR:process_memory_win.cc(73)] ReadMemory at 0x26d568e0420 of 132 bytes failed: Only part of a ReadProcessMemory or WriteProcessMemory request was completed. (0x12B)
[0524/212638.644:ERROR:process_memory_win.cc(73)] ReadMemory at 0x26d568e0640 of 132 bytes failed: Only part of a ReadProcessMemory or WriteProcessMemory request was completed. (0x12B)
[0524/212638.644:ERROR:process_memory_win.cc(73)] ReadMemory at 0x26d568e0860 of 132 bytes failed: Only part of a ReadProcessMemory or WriteProcessMemory request was completed. (0x12B)
[0524/212638.644:ERROR:process_memory_win.cc(73)] ReadMemory at 0x26d568e0bc0 of 132 bytes failed: Only part of a ReadProcessMemory or WriteProcessMemory request was completed. (0x12B)
[0524/212638.644:ERROR:process_memory_win.cc(73)] ReadMemory at 0x26d568e1520 of 54 bytes failed: Only part of a ReadProcessMemory or WriteProcessMemory request was completed. (0x12B)
[0524/212638.644:ERROR:process_memory_win.cc(73)] ReadMemory at 0x26d568e2a40 of 132 bytes failed: Only part of a ReadProcessMemory or WriteProcessMemory request was completed. (0x12B)
[0524/212638.644:ERROR:process_memory_win.cc(73)] ReadMemory at 0x26d568e2b70 of 132 bytes failed: Only part of a ReadProcessMemory or WriteProcessMemory request was completed. (0x12B)
[0524/212638.644:ERROR:process_memory_win.cc(73)] ReadMemory at 0x26d568e34e0 of 64 bytes failed: Only part of a ReadProcessMemory or WriteProcessMemory request was completed. (0x12B)
[0524/212638.644:ERROR:process_memory_win.cc(73)] ReadMemory at 0x26d568e3670 of 60 bytes failed: Only part of a ReadProcessMemory or WriteProcessMemory request was completed. (0x12B)
[0524/212638.644:ERROR:process_memory_win.cc(73)] ReadMemory at 0x26d568e36c0 of 64 bytes failed: Only part of a ReadProcessMemory or WriteProcessMemory request was completed. (0x12B)
[0524/212638.644:ERROR:process_memory_win.cc(73)] ReadMemory at 0x26d568e3710 of 60 bytes failed: Only part of a ReadProcessMemory or WriteProcessMemory request was completed. (0x12B)
[0524/212638.644:ERROR:process_memory_win.cc(73)] ReadMemory at 0x26d568e37b0 of 66 bytes failed: Only part of a ReadProcessMemory or WriteProcessMemory request was completed. (0x12B)
[0524/212638.644:ERROR:process_memory_win.cc(73)] ReadMemory at 0x26d568e3800 of 64 bytes failed: Only part of a ReadProcessMemory or WriteProcessMemory request was completed. (0x12B)
[0524/212638.644:ERROR:process_memory_win.cc(73)] ReadMemory at 0x26d568e38a0 of 60 bytes failed: Only part of a ReadProcessMemory or WriteProcessMemory request was completed. (0x12B)
[0524/212638.644:ERROR:process_memory_win.cc(73)] ReadMemory at 0x26d568e38f0 of 62 bytes failed: Only part of a ReadProcessMemory or WriteProcessMemory request was completed. (0x12B)
[0524/212638.644:ERROR:process_memory_win.cc(73)] ReadMemory at 0x26d568e5310 of 132 bytes failed: Only part of a ReadProcessMemory or WriteProcessMemory request was completed. (0x12B)
[0524/212638.644:ERROR:process_memory_win.cc(73)] ReadMemory at 0x26d568e5440 of 144 bytes failed: Only part of a ReadProcessMemory or WriteProcessMemory request was completed. (0x12B)
[0524/212638.644:ERROR:process_memory_win.cc(73)] ReadMemory at 0x26d568e54f0 of 132 bytes failed: Only part of a ReadProcessMemory or WriteProcessMemory request was completed. (0x12B)
[0524/212638.644:ERROR:process_memory_win.cc(73)] ReadMemory at 0x26d568e70e0 of 132 bytes failed: Only part of a ReadProcessMemory or WriteProcessMemory request was completed. (0x12B)
[0524/212638.644:ERROR:process_memory_win.cc(73)] ReadMemory at 0x26d568e7210 of 132 bytes failed: Only part of a ReadProcessMemory or WriteProcessMemory request was completed. (0x12B)
[0524/212638.644:ERROR:process_memory_win.cc(73)] ReadMemory at 0x26d568e7340 of 132 bytes failed: Only part of a ReadProcessMemory or WriteProcessMemory request was completed. (0x12B)
[0524/212638.644:ERROR:process_memory_win.cc(73)] ReadMemory at 0x26d568e7470 of 132 bytes failed: Only part of a ReadProcessMemory or WriteProcessMemory request was completed. (0x12B)
[0524/212638.644:ERROR:process_memory_win.cc(73)] ReadMemory at 0x26d568e75a0 of 132 bytes failed: Only part of a ReadProcessMemory or WriteProcessMemory request was completed. (0x12B)
[0524/212638.644:ERROR:process_memory_win.cc(73)] ReadMemory at 0x26d568e76d0 of 132 bytes failed: Only part of a ReadProcessMemory or WriteProcessMemory request was completed. (0x12B)
[0524/212638.644:ERROR:process_memory_win.cc(73)] ReadMemory at 0x26d568e7800 of 132 bytes failed: Only part of a ReadProcessMemory or WriteProcessMemory request was completed. (0x12B)
[0524/212638.644:ERROR:process_memory_win.cc(73)] ReadMemory at 0x26d568e7930 of 132 bytes failed: Only part of a ReadProcessMemory or WriteProcessMemory request was completed. (0x12B)
[0524/212638.644:ERROR:process_memory_win.cc(73)] ReadMemory at 0x26d568e7a60 of 132 bytes failed: Only part of a ReadProcessMemory or WriteProcessMemory request was completed. (0x12B)
[0524/212638.648:ERROR:process_memory_win.cc(73)] ReadMemory at 0x26d568e7b90 of 132 bytes failed: Only part of a ReadProcessMemory or WriteProcessMemory request was completed. (0x12B)
[0524/212638.648:ERROR:process_memory_win.cc(73)] ReadMemory at 0x26d568e7df0 of 132 bytes failed: Only part of a ReadProcessMemory or WriteProcessMemory request was completed. (0x12B)
[0524/212638.648:ERROR:process_memory_win.cc(73)] ReadMemory at 0x26d568e7f20 of 132 bytes failed: Only part of a ReadProcessMemory or WriteProcessMemory request was completed. (0x12B)
[0524/212638.648:ERROR:process_memory_win.cc(73)] ReadMemory at 0x26d568e81b0 of 76 bytes failed: Only part of a ReadProcessMemory or WriteProcessMemory request was completed. (0x12B)
[0524/212638.648:ERROR:process_memory_win.cc(73)] ReadMemory at 0x26d568e8810 of 80 bytes failed: Only part of a ReadProcessMemory or WriteProcessMemory request was completed. (0x12B)
[0524/212638.648:ERROR:process_memory_win.cc(73)] ReadMemory at 0x26d568ea050 of 132 bytes failed: Only part of a ReadProcessMemory or WriteProcessMemory request was completed. (0x12B)
[0524/212638.648:ERROR:process_memory_win.cc(73)] ReadMemory at 0x26d568ea9d0 of 132 bytes failed: Only part of a ReadProcessMemory or WriteProcessMemory request was completed. (0x12B)
[0524/212638.648:ERROR:process_memory_win.cc(73)] ReadMemory at 0x26d568eab00 of 132 bytes failed: Only part of a ReadProcessMemory or WriteProcessMemory request was completed. (0x12B)
[0524/212638.648:ERROR:process_memory_win.cc(73)] ReadMemory at 0x26d568eac30 of 132 bytes failed: Only part of a ReadProcessMemory or WriteProcessMemory request was completed. (0x12B)
[0524/212638.648:ERROR:process_memory_win.cc(73)] ReadMemory at 0x26d568eb0f0 of 132 bytes failed: Only part of a ReadProcessMemory or WriteProcessMemory request was completed. (0x12B)
[0524/212638.648:ERROR:process_memory_win.cc(73)] ReadMemory at 0x26d568eb220 of 132 bytes failed: Only part of a ReadProcessMemory or WriteProcessMemory request was completed. (0x12B)
[0524/212638.648:ERROR:process_memory_win.cc(73)] ReadMemory at 0x26d568eb350 of 132 bytes failed: Only part of a ReadProcessMemory or WriteProcessMemory request was completed. (0x12B)
[0524/212638.648:ERROR:process_memory_win.cc(73)] ReadMemory at 0x26d568eb940 of 132 bytes failed: Only part of a ReadProcessMemory or WriteProcessMemory request was completed. (0x12B)
[0524/212638.648:ERROR:process_memory_win.cc(73)] ReadMemory at 0x26d568eba70 of 132 bytes failed: Only part of a ReadProcessMemory or WriteProcessMemory request was completed. (0x12B)
[0524/212638.648:ERROR:process_memory_win.cc(73)] ReadMemory at 0x26d568edbb0 of 124 bytes failed: Only part of a ReadProcessMemory or WriteProcessMemory request was completed. (0x12B)
[0524/212638.648:ERROR:process_memory_win.cc(73)] ReadMemory at 0x26d568f1280 of 48 bytes failed: Only part of a ReadProcessMemory or WriteProcessMemory request was completed. (0x12B)
[0524/212638.648:ERROR:process_memory_win.cc(73)] ReadMemory at 0x26d568f1700 of 48 bytes failed: Only part of a ReadProcessMemory or WriteProcessMemory request was completed. (0x12B)
[0524/212638.648:ERROR:process_memory_win.cc(73)] ReadMemory at 0x26d568f1c00 of 48 bytes failed: Only part of a ReadProcessMemory or WriteProcessMemory request was completed. (0x12B)
[0524/212638.648:ERROR:process_memory_win.cc(73)] ReadMemory at 0x26d568fdc30 of 40 bytes failed: Only part of a ReadProcessMemory or WriteProcessMemory request was completed. (0x12B)
[0524/212638.648:ERROR:process_memory_win.cc(73)] ReadMemory at 0x26d56902160 of 40 bytes failed: Only part of a ReadProcessMemory or WriteProcessMemory request was completed. (0x12B)
[0524/212638.648:ERROR:process_memory_win.cc(73)] ReadMemory at 0x26d56a302c0 of 40 bytes failed: Only part of a ReadProcessMemory or WriteProcessMemory request was completed. (0x12B)
[0524/212638.648:ERROR:process_memory_win.cc(73)] ReadMemory at 0x26d56f502c0 of 40 bytes failed: Only part of a ReadProcessMemory or WriteProcessMemory request was completed. (0x12B)
[0524/212638.648:ERROR:process_memory_win.cc(73)] ReadMemory at 0x26d570502c0 of 40 bytes failed: Only part of a ReadProcessMemory or WriteProcessMemory request was completed. (0x12B)
[0524/212638.648:ERROR:process_memory_win.cc(73)] ReadMemory at 0x26d573502c0 of 40 bytes failed: Only part of a ReadProcessMemory or WriteProcessMemory request was completed. (0x12B)
[0524/212638.648:ERROR:process_memory_win.cc(73)] ReadMemory at 0x7ffe18992f40 of 40 bytes failed: Only part of a ReadProcessMemory or WriteProcessMemory request was completed. (0x12B)
[0524/212638.648:ERROR:process_memory_win.cc(73)] ReadMemory at 0x7ffe36768cb0 of 40 bytes failed: Only part of a ReadProcessMemory or WriteProcessMemory request was completed. (0x12B)
[0524/212638.648:ERROR:process_memory_win.cc(73)] ReadMemory at 0x7ffe39a8c428 of 18 bytes failed: Only part of a ReadProcessMemory or WriteProcessMemory request was completed. (0x12B)
[0524/212638.648:ERROR:process_memory_win.cc(73)] ReadMemory at 0x7ffe39abf4f8 of 40 bytes failed: Only part of a ReadProcessMemory or WriteProcessMemory request was completed. (0x12B)
[0524/212638.648:ERROR:process_memory_win.cc(73)] ReadMemory at 0x7ffe39abf560 of 48 bytes failed: Only part of a ReadProcessMemory or WriteProcessMemory request was completed. (0x12B)
[0524/212638.648:ERROR:process_memory_win.cc(73)] ReadMemory at 0x7ffe39abf978 of 48 bytes failed: Only part of a ReadProcessMemory or WriteProcessMemory request was completed. (0x12B)
[0524/212638.648:ERROR:process_memory_win.cc(73)] ReadMemory at 0x7ffe39ac3be0 of 40 bytes failed: Only part of a ReadProcessMemory or WriteProcessMemory request was completed. (0x12B)
[0524/212638.648:ERROR:process_memory_win.cc(73)] ReadMemory at 0x7ffe39ac3d40 of 384 bytes failed: Only part of a ReadProcessMemory or WriteProcessMemory request was completed. (0x12B)
[0524/212638.648:ERROR:process_memory_win.cc(73)] ReadMemory at 0x7ffe39ac53c0 of 64 bytes failed: Only part of a ReadProcessMemory or WriteProcessMemory request was completed. (0x12B)
[0524/212638.652:ERROR:scoped_process_suspend.cc(40)] NtResumeProcess: An attempt was made to access an exiting process. (0xc000010a)
